<?xml version="1.0" encoding="UTF-8"?>
<testng-results ignored="0" total="1" passed="1" failed="0" skipped="0">
  <reporter-output>
  </reporter-output>
  <suite started-at="2022-05-05T08:18:40Z" name="Default suite" finished-at="2022-05-05T08:18:47Z" duration-ms="6960">
    <groups>
    </groups>
    <test started-at="2022-05-05T08:18:40Z" name="Default test" finished-at="2022-05-05T08:18:47Z" duration-ms="6960">
      <class name="com.teklab.b7spotify.tests.ui.regression.register.SignUpTest">
        <test-method is-config="true" signature="beforeAllTestCase()[pri:0, instance:[SignUpTest passed=0 failed=0 skipped=0]]" started-at="2022-05-05T08:18:40Z" name="beforeAllTestCase" finished-at="2022-05-05T08:18:40Z" duration-ms="105" status="PASS">
          <reporter-output>
          </reporter-output>
        </test-method> <!-- beforeAllTestCase -->
        <test-method is-config="true" signature="beforeEachTestCase()[pri:0, instance:[SignUpTest passed=0 failed=0 skipped=0]]" started-at="2022-05-05T08:18:40Z" name="beforeEachTestCase" finished-at="2022-05-05T08:18:43Z" duration-ms="2003" status="PASS">
          <reporter-output>
          </reporter-output>
        </test-method> <!-- beforeEachTestCase -->
        <test-method signature="sporityTestCase()[pri:0, instance:[SignUpTest passed=0 failed=0 skipped=0]]" started-at="2022-05-05T08:18:43Z" name="sporityTestCase" finished-at="2022-05-05T08:18:46Z" duration-ms="3859" status="PASS">
          <reporter-output>
          </reporter-output>
        </test-method> <!-- sporityTestCase -->
        <test-method is-config="true" signature="afterAllTestCase()[pri:0, instance:[SignUpTest passed=0 failed=0 skipped=0]]" started-at="2022-05-05T08:18:46Z" name="afterAllTestCase" finished-at="2022-05-05T08:18:47Z" duration-ms="243" status="PASS">
          <reporter-output>
          </reporter-output>
        </test-method> <!-- afterAllTestCase -->
        <test-method is-config="true" signature="closeBrowser()[pri:0, instance:[SignUpTest passed=0 failed=0 skipped=0]]" started-at="2022-05-05T08:18:47Z" name="closeBrowser" finished-at="2022-05-05T08:18:47Z" duration-ms="726" status="PASS">
          <reporter-output>
          </reporter-output>
        </test-method> <!-- closeBrowser -->
      </class> <!-- com.teklab.b7spotify.tests.ui.regression.register.SignUpTest -->
    </test> <!-- Default test -->
  </suite> <!-- Default suite -->
</testng-results>
